2024-08-16 11:48:03 INFO  UserController:53 - 사용자 로그인 성공: 사용자 ID: 1, 세션 ID: 2D20FA5EFEA304BC932DC1A17B10B0F8
2024-08-16 11:49:51 INFO  UserController:46 - 로그인 호출됨: 로그인 정보: LoginDTO(email=test.doe@example.com)
2024-08-16 11:49:51 INFO  UserController:53 - 사용자 로그인 성공: 사용자 ID: 1, 세션 ID: 2D20FA5EFEA304BC932DC1A17B10B0F8
2024-08-16 11:53:38 INFO  ProductController:49 - 모든 물품 조회 호출됨
2024-08-16 11:53:38 INFO  ProductController:51 - 모든 물품 조회 성공: 총 물품 수: 4
2024-08-16 11:53:41 INFO  LendingRecordController:47 - 대여자 ID로 대여 기록 조회 호출됨: 대여자 ID: 1
2024-08-16 11:53:41 INFO  LendingRecordController:49 - 대여자 ID로 대여 기록 조회 성공: 총 기록 수: 6
2024-08-16 11:59:37 INFO  UserController:46 - 로그인 호출됨: 로그인 정보: LoginDTO(email=test.doe@example.com)
2024-08-16 11:59:37 INFO  UserController:53 - 사용자 로그인 성공: 사용자 ID: 1, 세션 ID: 2D20FA5EFEA304BC932DC1A17B10B0F8
2024-08-16 11:59:41 INFO  UserController:46 - 로그인 호출됨: 로그인 정보: LoginDTO(email=test.doe@example.com)
2024-08-16 11:59:41 INFO  UserController:53 - 사용자 로그인 성공: 사용자 ID: 1, 세션 ID: 2D20FA5EFEA304BC932DC1A17B10B0F8
2024-08-16 12:05:12 INFO  ProductController:49 - 모든 물품 조회 호출됨
2024-08-16 12:05:12 INFO  ProductController:51 - 모든 물품 조회 성공: 총 물품 수: 4
2024-08-16 14:03:07 INFO  ProductController:49 - 모든 물품 조회 호출됨
2024-08-16 14:03:07 INFO  ProductController:51 - 모든 물품 조회 성공: 총 물품 수: 8
2024-08-16 14:03:31 INFO  UserController:46 - 로그인 호출됨: 로그인 정보: LoginDTO(email=test.doe@example.com)
2024-08-16 14:03:31 INFO  UserController:53 - 사용자 로그인 성공: 사용자 ID: 1, 세션 ID: 69C38A9C6E2808BD1C0653125D68D678
2024-08-16 14:03:43 INFO  ProductController:49 - 모든 물품 조회 호출됨
2024-08-16 14:03:43 INFO  ProductController:51 - 모든 물품 조회 성공: 총 물품 수: 9
2024-08-16 14:03:46 INFO  LendingRecordController:57 - 소유자 ID로 대여 기록 조회 호출됨: 소유자 ID: 1
2024-08-16 14:03:46 INFO  LendingRecordController:59 - 소유자 ID로 대여 기록 조회 성공: 총 기록 수: 2
2024-08-16 14:03:50 INFO  LendingRecordController:47 - 대여자 ID로 대여 기록 조회 호출됨: 대여자 ID: 1
2024-08-16 14:03:50 INFO  LendingRecordController:49 - 대여자 ID로 대여 기록 조회 성공: 총 기록 수: 6
2024-08-16 14:04:06 INFO  ProductController:40 - 물품 등록 호출됨: 물품 정보: ProductDTO.CreateProduct(description=돈까스, product_name=null, price=100000, category=BOOKS)
2024-08-16 14:04:07 INFO  ProductController:42 - 물품 등록 성공: 물품 ID: 1
2024-08-16 14:05:04 INFO  ProductController:49 - 모든 물품 조회 호출됨
2024-08-16 14:05:04 INFO  ProductController:51 - 모든 물품 조회 성공: 총 물품 수: 11
2024-08-16 14:29:28 INFO  ProductController:49 - 모든 물품 조회 호출됨
2024-08-16 14:29:28 INFO  ProductController:51 - 모든 물품 조회 성공: 총 물품 수: 8
2024-08-16 14:29:32 INFO  LendingRecordController:47 - 대여자 ID로 대여 기록 조회 호출됨: 대여자 ID: 1
2024-08-16 14:29:32 INFO  LendingRecordController:49 - 대여자 ID로 대여 기록 조회 성공: 총 기록 수: 6
2024-08-16 14:29:41 INFO  ProductController:49 - 모든 물품 조회 호출됨
2024-08-16 14:29:41 INFO  ProductController:51 - 모든 물품 조회 성공: 총 물품 수: 8
2024-08-16 14:29:48 INFO  LendingRecordController:57 - 소유자 ID로 대여 기록 조회 호출됨: 소유자 ID: 1
2024-08-16 14:29:48 INFO  LendingRecordController:59 - 소유자 ID로 대여 기록 조회 성공: 총 기록 수: 2
2024-08-16 14:29:57 INFO  LendingRecordController:57 - 소유자 ID로 대여 기록 조회 호출됨: 소유자 ID: 1
2024-08-16 14:29:57 INFO  LendingRecordController:59 - 소유자 ID로 대여 기록 조회 성공: 총 기록 수: 2
2024-08-16 14:30:02 INFO  LendingRecordController:57 - 소유자 ID로 대여 기록 조회 호출됨: 소유자 ID: 1
2024-08-16 14:30:02 INFO  LendingRecordController:59 - 소유자 ID로 대여 기록 조회 성공: 총 기록 수: 2
2024-08-16 14:30:04 INFO  LendingRecordController:57 - 소유자 ID로 대여 기록 조회 호출됨: 소유자 ID: 1
2024-08-16 14:30:04 INFO  LendingRecordController:59 - 소유자 ID로 대여 기록 조회 성공: 총 기록 수: 2
2024-08-16 14:42:18 INFO  ProductController:49 - 모든 물품 조회 호출됨
2024-08-16 14:42:18 INFO  ProductController:51 - 모든 물품 조회 성공: 총 물품 수: 8
2024-08-16 14:42:20 INFO  LendingRecordController:57 - 소유자 ID로 대여 기록 조회 호출됨: 소유자 ID: 1
2024-08-16 14:42:20 INFO  LendingRecordController:59 - 소유자 ID로 대여 기록 조회 성공: 총 기록 수: 2
2024-08-16 14:46:16 INFO  LendingRecordController:57 - 소유자 ID로 대여 기록 조회 호출됨: 소유자 ID: 1
2024-08-16 14:46:16 INFO  LendingRecordController:59 - 소유자 ID로 대여 기록 조회 성공: 총 기록 수: 2
2024-08-16 14:46:16 INFO  LendingRecordController:57 - 소유자 ID로 대여 기록 조회 호출됨: 소유자 ID: 1
2024-08-16 14:46:16 INFO  LendingRecordController:59 - 소유자 ID로 대여 기록 조회 성공: 총 기록 수: 2
2024-08-16 14:46:16 INFO  LendingRecordController:57 - 소유자 ID로 대여 기록 조회 호출됨: 소유자 ID: 1
2024-08-16 14:46:16 INFO  LendingRecordController:59 - 소유자 ID로 대여 기록 조회 성공: 총 기록 수: 2
2024-08-16 14:46:16 INFO  LendingRecordController:57 - 소유자 ID로 대여 기록 조회 호출됨: 소유자 ID: 1
2024-08-16 14:46:16 INFO  LendingRecordController:59 - 소유자 ID로 대여 기록 조회 성공: 총 기록 수: 2
2024-08-16 15:13:15 INFO  ProductController:49 - 모든 물품 조회 호출됨
2024-08-16 15:13:16 INFO  ProductController:51 - 모든 물품 조회 성공: 총 물품 수: 8
2024-08-16 15:13:48 INFO  UserController:46 - 로그인 호출됨: 로그인 정보: LoginDTO(email=test.doe@example.com)
2024-08-16 15:13:48 INFO  UserController:53 - 사용자 로그인 성공: 사용자 ID: 1, 세션 ID: 52BC83B3D2A59CA4D49E4192F556FC65
2024-08-16 15:13:51 INFO  ProductController:49 - 모든 물품 조회 호출됨
2024-08-16 15:13:51 INFO  ProductController:51 - 모든 물품 조회 성공: 총 물품 수: 8
2024-08-16 15:14:01 INFO  ProductController:40 - 물품 등록 호출됨: 물품 정보: ProductDTO.CreateProduct(description=치킨, product_name=장비, price=100000, category=BOOKS)
2024-08-16 15:14:01 INFO  ProductController:42 - 물품 등록 성공: 물품 ID: 1
2024-08-16 15:14:02 INFO  ProductController:49 - 모든 물품 조회 호출됨
2024-08-16 15:14:02 INFO  ProductController:51 - 모든 물품 조회 성공: 총 물품 수: 9
2024-08-16 15:15:02 INFO  LendingRecordController:57 - 소유자 ID로 대여 기록 조회 호출됨: 소유자 ID: 1
2024-08-16 15:15:02 INFO  LendingRecordController:59 - 소유자 ID로 대여 기록 조회 성공: 총 기록 수: 2
2024-08-16 15:15:23 INFO  LendingRecordController:57 - 소유자 ID로 대여 기록 조회 호출됨: 소유자 ID: 1
2024-08-16 15:15:23 INFO  LendingRecordController:59 - 소유자 ID로 대여 기록 조회 성공: 총 기록 수: 2
2024-08-16 15:15:24 INFO  LendingRecordController:57 - 소유자 ID로 대여 기록 조회 호출됨: 소유자 ID: 1
2024-08-16 15:15:24 INFO  LendingRecordController:59 - 소유자 ID로 대여 기록 조회 성공: 총 기록 수: 2
2024-08-16 15:15:25 INFO  ProductController:49 - 모든 물품 조회 호출됨
2024-08-16 15:15:25 INFO  ProductController:51 - 모든 물품 조회 성공: 총 물품 수: 9
2024-08-16 15:15:28 INFO  LendingRecordController:47 - 대여자 ID로 대여 기록 조회 호출됨: 대여자 ID: 1
2024-08-16 15:15:29 INFO  LendingRecordController:49 - 대여자 ID로 대여 기록 조회 성공: 총 기록 수: 6
2024-08-16 15:15:32 INFO  LendingRecordController:57 - 소유자 ID로 대여 기록 조회 호출됨: 소유자 ID: 1
2024-08-16 15:15:32 INFO  LendingRecordController:59 - 소유자 ID로 대여 기록 조회 성공: 총 기록 수: 2
2024-08-16 15:16:09 INFO  LendingRecordController:57 - 소유자 ID로 대여 기록 조회 호출됨: 소유자 ID: 1
2024-08-16 15:16:09 INFO  LendingRecordController:59 - 소유자 ID로 대여 기록 조회 성공: 총 기록 수: 2
2024-08-16 15:37:53 INFO  LendingRecordController:57 - 소유자 ID로 대여 기록 조회 호출됨: 소유자 ID: 1
2024-08-16 15:37:53 INFO  LendingRecordController:59 - 소유자 ID로 대여 기록 조회 성공: 총 기록 수: 2
2024-08-16 15:45:37 INFO  LendingRecordController:57 - 소유자 ID로 대여 기록 조회 호출됨: 소유자 ID: 1
2024-08-16 15:45:37 INFO  LendingRecordController:59 - 소유자 ID로 대여 기록 조회 성공: 총 기록 수: 2
2024-08-16 15:45:37 INFO  LendingRecordController:57 - 소유자 ID로 대여 기록 조회 호출됨: 소유자 ID: 1
2024-08-16 15:45:38 INFO  LendingRecordController:59 - 소유자 ID로 대여 기록 조회 성공: 총 기록 수: 2
2024-08-16 15:45:38 INFO  ProductController:49 - 모든 물품 조회 호출됨
2024-08-16 15:45:38 INFO  ProductController:51 - 모든 물품 조회 성공: 총 물품 수: 11
2024-08-16 15:45:39 INFO  ProductController:49 - 모든 물품 조회 호출됨
2024-08-16 15:45:39 INFO  ProductController:51 - 모든 물품 조회 성공: 총 물품 수: 11
2024-08-16 15:45:39 INFO  ProductController:49 - 모든 물품 조회 호출됨
2024-08-16 15:45:39 INFO  ProductController:51 - 모든 물품 조회 성공: 총 물품 수: 11
2024-08-16 15:45:46 INFO  ProductController:49 - 모든 물품 조회 호출됨
2024-08-16 15:45:46 INFO  ProductController:51 - 모든 물품 조회 성공: 총 물품 수: 11
2024-08-16 15:45:46 INFO  ProductController:49 - 모든 물품 조회 호출됨
2024-08-16 15:45:46 INFO  ProductController:51 - 모든 물품 조회 성공: 총 물품 수: 11
2024-08-16 15:46:05 INFO  ProductController:40 - 물품 등록 호출됨: 물품 정보: ProductDTO.CreateProduct(description=전자사전입니다., product_name=전자사전, price=10000, category=ELECTRONICS)
2024-08-16 15:46:05 INFO  ProductController:42 - 물품 등록 성공: 물품 ID: 1
2024-08-16 15:46:06 INFO  ProductController:49 - 모든 물품 조회 호출됨
2024-08-16 15:46:06 INFO  ProductController:51 - 모든 물품 조회 성공: 총 물품 수: 12
2024-08-16 15:46:19 INFO  LendingRecordController:47 - 대여자 ID로 대여 기록 조회 호출됨: 대여자 ID: 1
2024-08-16 15:46:19 INFO  LendingRecordController:49 - 대여자 ID로 대여 기록 조회 성공: 총 기록 수: 6
2024-08-16 15:46:48 INFO  UserController:46 - 로그인 호출됨: 로그인 정보: LoginDTO(email=test.doe@example.com)
2024-08-16 15:46:48 INFO  UserController:53 - 사용자 로그인 성공: 사용자 ID: 1, 세션 ID: F742365F1F806EF6EED567C9296A309A
2024-08-16 15:47:03 INFO  ProductController:49 - 모든 물품 조회 호출됨
2024-08-16 15:47:03 INFO  ProductController:51 - 모든 물품 조회 성공: 총 물품 수: 12

2024-08-16 15:49:25 INFO  UserController:46 - 로그인 호출됨: 로그인 정보: LoginDTO(email=test.doe@example.com)
2024-08-16 15:49:25 INFO  UserController:53 - 사용자 로그인 성공: 사용자 ID: 1, 세션 ID: F742365F1F806EF6EED567C9296A309A
2024-08-16 15:49:28 INFO  ProductController:49 - 모든 물품 조회 호출됨
2024-08-16 15:49:28 INFO  ProductController:51 - 모든 물품 조회 성공: 총 물품 수: 12
2024-08-16 15:49:50 INFO  ProductController:40 - 물품 등록 호출됨: 물품 정보: ProductDTO.CreateProduct(description=전공서적, product_name=전공서적, price=100000, category=BOOKS)
2024-08-16 15:49:50 INFO  ProductController:42 - 물품 등록 성공: 물품 ID: 1
2024-08-16 15:49:51 INFO  ProductController:49 - 모든 물품 조회 호출됨
2024-08-16 15:49:51 INFO  ProductController:51 - 모든 물품 조회 성공: 총 물품 수: 13
2024-08-16 16:03:02 INFO  ProductController:49 - 모든 물품 조회 호출됨
2024-08-16 16:03:02 INFO  ProductController:51 - 모든 물품 조회 성공: 총 물품 수: 13
2024-08-16 16:03:03 INFO  ProductController:49 - 모든 물품 조회 호출됨
2024-08-16 16:03:03 INFO  ProductController:51 - 모든 물품 조회 성공: 총 물품 수: 13
2024-08-16 16:03:20 INFO  ProductController:49 - 모든 물품 조회 호출됨
2024-08-16 16:03:20 INFO  ProductController:51 - 모든 물품 조회 성공: 총 물품 수: 13
2024-08-16 16:13:43 INFO  UserController:46 - 로그인 호출됨: 로그인 정보: LoginDTO(email=test.doe@example.com)
2024-08-16 16:13:43 INFO  UserController:53 - 사용자 로그인 성공: 사용자 ID: 1, 세션 ID: CC4B4D2CA6A2C0D129D3B3B6D9AD7E70
2024-08-16 16:13:46 INFO  ProductController:49 - 모든 물품 조회 호출됨
2024-08-16 16:13:46 INFO  ProductController:51 - 모든 물품 조회 성공: 총 물품 수: 13
2024-08-16 16:14:04 INFO  ProductController:40 - 물품 등록 호출됨: 물품 정보: ProductDTO.CreateProduct(description=전공책, product_name=전공책, price=50000, category=BOOKS)
2024-08-16 16:14:04 INFO  ProductController:42 - 물품 등록 성공: 물품 ID: 1
2024-08-16 16:14:05 INFO  ProductController:49 - 모든 물품 조회 호출됨
2024-08-16 16:14:05 INFO  ProductController:51 - 모든 물품 조회 성공: 총 물품 수: 14
2024-08-16 16:18:15 INFO  ProductController:49 - 모든 물품 조회 호출됨
2024-08-16 16:18:15 INFO  ProductController:51 - 모든 물품 조회 성공: 총 물품 수: 14
2024-08-16 16:24:28 INFO  ProductController:49 - 모든 물품 조회 호출됨
2024-08-16 16:24:28 INFO  ProductController:51 - 모든 물품 조회 성공: 총 물품 수: 14
2024-08-16 16:24:34 INFO  UserController:46 - 로그인 호출됨: 로그인 정보: LoginDTO(email=test.doe@example.com)
2024-08-16 16:24:34 INFO  UserController:53 - 사용자 로그인 성공: 사용자 ID: 1, 세션 ID: CC4B4D2CA6A2C0D129D3B3B6D9AD7E70
2024-08-16 16:25:11 INFO  ProductController:49 - 모든 물품 조회 호출됨
2024-08-16 16:25:12 INFO  ProductController:51 - 모든 물품 조회 성공: 총 물품 수: 14
2024-08-16 16:25:12 INFO  LendingRecordController:57 - 소유자 ID로 대여 기록 조회 호출됨: 소유자 ID: 1
2024-08-16 16:25:12 INFO  LendingRecordController:59 - 소유자 ID로 대여 기록 조회 성공: 총 기록 수: 8
2024-08-16 16:25:16 INFO  LendingRecordController:57 - 소유자 ID로 대여 기록 조회 호출됨: 소유자 ID: 1
2024-08-16 16:25:16 INFO  LendingRecordController:59 - 소유자 ID로 대여 기록 조회 성공: 총 기록 수: 8
2024-08-16 16:25:18 INFO  LendingRecordController:57 - 소유자 ID로 대여 기록 조회 호출됨: 소유자 ID: 1
2024-08-16 16:25:18 INFO  LendingRecordController:59 - 소유자 ID로 대여 기록 조회 성공: 총 기록 수: 8
2024-08-16 16:25:20 INFO  ProductController:49 - 모든 물품 조회 호출됨
2024-08-16 16:25:20 INFO  ProductController:51 - 모든 물품 조회 성공: 총 물품 수: 14
2024-08-16 16:25:21 INFO  LendingRecordController:57 - 소유자 ID로 대여 기록 조회 호출됨: 소유자 ID: 1
2024-08-16 16:25:21 INFO  LendingRecordController:59 - 소유자 ID로 대여 기록 조회 성공: 총 기록 수: 8
2024-08-16 16:25:23 INFO  ProductController:49 - 모든 물품 조회 호출됨
2024-08-16 16:25:23 INFO  ProductController:51 - 모든 물품 조회 성공: 총 물품 수: 14
2024-08-16 16:25:51 INFO  ProductController:40 - 물품 등록 호출됨: 물품 정보: ProductDTO.CreateProduct(description=전자책 입니다, product_name=e-book, price=50000, category=BOOKS)
2024-08-16 16:25:51 INFO  ProductController:42 - 물품 등록 성공: 물품 ID: 1
2024-08-16 16:25:52 INFO  ProductController:49 - 모든 물품 조회 호출됨
2024-08-16 16:25:52 INFO  ProductController:51 - 모든 물품 조회 성공: 총 물품 수: 15
2024-08-16 16:25:57 INFO  ProductController:49 - 모든 물품 조회 호출됨
2024-08-16 16:25:57 INFO  ProductController:51 - 모든 물품 조회 성공: 총 물품 수: 15
2024-08-16 16:25:58 INFO  ProductController:49 - 모든 물품 조회 호출됨
2024-08-16 16:25:58 INFO  ProductController:51 - 모든 물품 조회 성공: 총 물품 수: 15
2024-08-16 16:25:58 INFO  ProductController:49 - 모든 물품 조회 호출됨
2024-08-16 16:25:58 INFO  ProductController:51 - 모든 물품 조회 성공: 총 물품 수: 15
2024-08-16 16:26:47 INFO  ProductController:49 - 모든 물품 조회 호출됨
2024-08-16 16:26:47 INFO  ProductController:51 - 모든 물품 조회 성공: 총 물품 수: 15
2024-08-16 16:26:48 INFO  ProductController:49 - 모든 물품 조회 호출됨
2024-08-16 16:26:48 INFO  ProductController:51 - 모든 물품 조회 성공: 총 물품 수: 15
2024-08-16 16:43:36 INFO  ProductController:49 - 모든 물품 조회 호출됨
2024-08-16 16:43:36 INFO  ProductController:51 - 모든 물품 조회 성공: 총 물품 수: 15
2024-08-16 16:43:37 INFO  LendingRecordController:57 - 소유자 ID로 대여 기록 조회 호출됨: 소유자 ID: 1
2024-08-16 16:43:37 INFO  LendingRecordController:59 - 소유자 ID로 대여 기록 조회 성공: 총 기록 수: 8
2024-08-16 16:43:39 INFO  ProductController:49 - 모든 물품 조회 호출됨
2024-08-16 16:43:39 INFO  ProductController:51 - 모든 물품 조회 성공: 총 물품 수: 15
2024-08-16 16:44:00 INFO  ProductController:40 - 물품 등록 호출됨: 물품 정보: ProductDTO.CreateProduct(description=깔쌈한 옷, product_name=깔쌈한 옷, price=600000, category=CLOTHING)
2024-08-16 16:44:00 INFO  ProductController:42 - 물품 등록 성공: 물품 ID: 1
2024-08-16 16:44:01 INFO  ProductController:49 - 모든 물품 조회 호출됨
2024-08-16 16:44:01 INFO  ProductController:51 - 모든 물품 조회 성공: 총 물품 수: 16
2024-08-16 16:44:01 INFO  ProductController:51 - 모든 물품 조회 성공: 총 물품 수: 162024-08-16 16:46:41 INFO  LendingRecordController:37 - 대여 기록 등록 호출됨: 대여 정보: com.fisa.land.fisaland.lending.dto.LendingRecordDto@4922bcd0
2024-08-16 16:46:41 INFO  ProductController:49 - 모든 물품 조회 호출됨
2024-08-16 16:46:41 INFO  ProductController:51 - 모든 물품 조회 성공: 총 물품 수: 16
2024-08-16 16:46:44 INFO  ProductController:49 - 모든 물품 조회 호출됨
2024-08-16 16:46:44 INFO  ProductController:51 - 모든 물품 조회 성공: 총 물품 수: 16
2024-08-16 16:46:53 INFO  ProductController:49 - 모든 물품 조회 호출됨
2024-08-16 16:46:53 INFO  ProductController:51 - 모든 물품 조회 성공: 총 물품 수: 16
2024-08-16 16:47:03 INFO  ProductController:49 - 모든 물품 조회 호출됨
2024-08-16 16:47:03 INFO  ProductController:51 - 모든 물품 조회 성공: 총 물품 수: 16
2024-08-16 16:47:14 INFO  LendingRecordController:37 - 대여 기록 등록 호출됨: 대여 정보: com.fisa.land.fisaland.lending.dto.LendingRecordDto@689ee070
2024-08-16 16:47:14 INFO  ProductController:49 - 모든 물품 조회 호출됨
2024-08-16 16:47:14 INFO  ProductController:51 - 모든 물품 조회 성공: 총 물품 수: 16
2024-08-16 16:47:16 INFO  LendingRecordController:47 - 대여자 ID로 대여 기록 조회 호출됨: 대여자 ID: 1
2024-08-16 16:47:16 INFO  LendingRecordController:49 - 대여자 ID로 대여 기록 조회 성공: 총 기록 수: 7
2024-08-16 16:47:17 INFO  ProductController:49 - 모든 물품 조회 호출됨
2024-08-16 16:47:17 INFO  ProductController:51 - 모든 물품 조회 성공: 총 물품 수: 16
2024-08-16 16:47:18 INFO  LendingRecordController:57 - 소유자 ID로 대여 기록 조회 호출됨: 소유자 ID: 1
2024-08-16 16:47:18 INFO  LendingRecordController:59 - 소유자 ID로 대여 기록 조회 성공: 총 기록 수: 8
2024-08-16 16:47:24 INFO  LendingRecordController:57 - 소유자 ID로 대여 기록 조회 호출됨: 소유자 ID: 1
2024-08-16 16:47:24 INFO  LendingRecordController:59 - 소유자 ID로 대여 기록 조회 성공: 총 기록 수: 8
2024-08-16 16:47:29 INFO  ProductController:49 - 모든 물품 조회 호출됨
2024-08-16 16:47:29 INFO  ProductController:51 - 모든 물품 조회 성공: 총 물품 수: 16
2024-08-16 16:47:32 INFO  ProductController:49 - 모든 물품 조회 호출됨
2024-08-16 16:47:32 INFO  ProductController:51 - 모든 물품 조회 성공: 총 물품 수: 16
2024-08-16 16:47:39 INFO  UserController:46 - 로그인 호출됨: 로그인 정보: LoginDTO(email=test.doe@example.com)
2024-08-16 16:47:39 INFO  UserController:53 - 사용자 로그인 성공: 사용자 ID: 1, 세션 ID: 609C0F8CC7FBB1B310B38121391A5F3D
2024-08-16 16:47:42 INFO  UserController:46 - 로그인 호출됨: 로그인 정보: LoginDTO(email=test.doe@example.com)
2024-08-16 16:47:42 INFO  UserController:53 - 사용자 로그인 성공: 사용자 ID: 1, 세션 ID: 343C058E987F402C0B2BF259BDD433F1
2024-08-16 16:48:22 INFO  ProductController:49 - 모든 물품 조회 호출됨
2024-08-16 16:48:22 INFO  ProductController:51 - 모든 물품 조회 성공: 총 물품 수: 16
2024-08-16 16:48:25 INFO  LendingRecordController:47 - 대여자 ID로 대여 기록 조회 호출됨: 대여자 ID: 1
2024-08-16 16:48:25 INFO  LendingRecordController:49 - 대여자 ID로 대여 기록 조회 성공: 총 기록 수: 7
2024-08-16 16:48:26 INFO  LendingRecordController:57 - 소유자 ID로 대여 기록 조회 호출됨: 소유자 ID: 1
2024-08-16 16:48:27 INFO  LendingRecordController:59 - 소유자 ID로 대여 기록 조회 성공: 총 기록 수: 8
2024-08-16 16:51:25 INFO  ProductController:49 - 모든 물품 조회 호출됨
2024-08-16 16:51:25 INFO  ProductController:51 - 모든 물품 조회 성공: 총 물품 수: 16
2024-08-16 17:59:00 INFO  UserController:46 - 로그인 호출됨: 로그인 정보: LoginDTO(email=test.doe@example.com)
2024-08-16 17:59:00 INFO  UserController:53 - 사용자 로그인 성공: 사용자 ID: 1, 세션 ID: 98CB0A4D713991BE312A0EF843DAD95D
2024-08-16 17:59:02 INFO  ProductController:49 - 모든 물품 조회 호출됨
2024-08-16 17:59:02 INFO  ProductController:51 - 모든 물품 조회 성공: 총 물품 수: 16
2024-08-16 17:59:05 INFO  LendingRecordController:47 - 대여자 ID로 대여 기록 조회 호출됨: 대여자 ID: 1
2024-08-16 17:59:05 INFO  LendingRecordController:49 - 대여자 ID로 대여 기록 조회 성공: 총 기록 수: 8
2024-08-16 17:59:08 INFO  LendingRecordController:37 - 대여 기록 등록 호출됨: 대여 정보: com.fisa.land.fisaland.lending.dto.LendingRecordDto@5924d720
2024-08-16 17:59:08 INFO  ProductController:49 - 모든 물품 조회 호출됨
2024-08-16 17:59:08 INFO  ProductController:51 - 모든 물품 조회 성공: 총 물품 수: 16
2024-08-16 17:59:09 INFO  LendingRecordController:47 - 대여자 ID로 대여 기록 조회 호출됨: 대여자 ID: 1
2024-08-16 17:59:09 INFO  LendingRecordController:49 - 대여자 ID로 대여 기록 조회 성공: 총 기록 수: 8
2024-08-16 17:59:14 INFO  LendingRecordController:57 - 소유자 ID로 대여 기록 조회 호출됨: 소유자 ID: 1
2024-08-16 17:59:14 INFO  LendingRecordController:59 - 소유자 ID로 대여 기록 조회 성공: 총 기록 수: 8
2024-08-16 17:59:18 INFO  LendingRecordController:57 - 소유자 ID로 대여 기록 조회 호출됨: 소유자 ID: 1
2024-08-16 17:59:18 INFO  LendingRecordController:59 - 소유자 ID로 대여 기록 조회 성공: 총 기록 수: 8
2024-08-16 17:59:19 INFO  LendingRecordController:57 - 소유자 ID로 대여 기록 조회 호출됨: 소유자 ID: 1
2024-08-16 17:59:19 INFO  LendingRecordController:59 - 소유자 ID로 대여 기록 조회 성공: 총 기록 수: 8
2024-08-16 17:59:22 INFO  LendingRecordController:57 - 소유자 ID로 대여 기록 조회 호출됨: 소유자 ID: 1
2024-08-16 17:59:23 INFO  LendingRecordController:59 - 소유자 ID로 대여 기록 조회 성공: 총 기록 수: 8
2024-08-16 17:59:24 INFO  LendingRecordController:57 - 소유자 ID로 대여 기록 조회 호출됨: 소유자 ID: 1
2024-08-16 17:59:24 INFO  LendingRecordController:59 - 소유자 ID로 대여 기록 조회 성공: 총 기록 수: 8
2024-08-16 17:59:26 INFO  ProductController:49 - 모든 물품 조회 호출됨
2024-08-16 17:59:26 INFO  ProductController:51 - 모든 물품 조회 성공: 총 물품 수: 16
