{"tags":["_grokparsefailure"],"event":{"original":"2024-08-16 11:17:31 INFO  UserController:46 - 로그인 호출됨: 로그인 정보: LoginDTO(email=test.doe@example.com, pw=password123)\r"},"@timestamp":"2024-08-16T06:36:51.337551183Z","log":{"file":{"path":"/mnt/shared/weblog.log"}},"@version":"1","host":{"name":"servername"}}
{"tags":["_grokparsefailure"],"event":{"original":"2024-08-16 11:47:49 INFO  UserController:46 - 로그인 호출됨: 로그인 정보: LoginDTO(email=test.doe@example.com, pw=password123)\r"},"@timestamp":"2024-08-16T06:36:51.363217375Z","log":{"file":{"path":"/mnt/shared/weblog.log"}},"@version":"1","host":{"name":"servername"}}
{"tags":["_grokparsefailure"],"event":{"original":"2024-08-16 11:59:41 INFO  UserController:46 - 로그인 호출됨: 로그인 정보: LoginDTO(email=test.doe@example.com)\r"},"@timestamp":"2024-08-16T06:36:51.367236042Z","log":{"file":{"path":"/mnt/shared/weblog.log"}},"@version":"1","host":{"name":"servername"}}
{"tags":["_grokparsefailure"],"event":{"original":"2024-08-16 14:03:43 INFO  ProductController:51 - 모든 물품 조회 성공: 총 물품 수: 9\r"},"@timestamp":"2024-08-16T06:36:51.376187955Z","log":{"file":{"path":"/mnt/shared/weblog.log"}},"@version":"1","host":{"name":"servername"}}
{"tags":["_grokparsefailure"],"event":{"original":"2024-08-16 14:29:57 INFO  LendingRecordController:57 - 소유자 ID로 대여 기록 조회 호출됨: 소유자 ID: 1\r"},"@timestamp":"2024-08-16T06:36:51.388699789Z","log":{"file":{"path":"/mnt/shared/weblog.log"}},"@version":"1","host":{"name":"servername"}}
{"tags":["_grokparsefailure"],"event":{"original":"2024-08-16 14:30:04 INFO  LendingRecordController:57 - 소유자 ID로 대여 기록 조회 호출됨: 소유자 ID: 1\r"},"@timestamp":"2024-08-16T06:36:51.427893039Z","log":{"file":{"path":"/mnt/shared/weblog.log"}},"@version":"1","host":{"name":"servername"}}
{"tags":["_grokparsefailure"],"event":{"original":"2024-08-16 11:17:31 INFO  UserController:53 - 사용자 로그인 성공: 사용자 ID: 1, 세션 ID: EE07B62281C291594F8B2177BD6240E4\r"},"@timestamp":"2024-08-16T06:36:51.358380376Z","log":{"file":{"path":"/mnt/shared/weblog.log"}},"@version":"1","host":{"name":"servername"}}
{"tags":["_grokparsefailure"],"event":{"original":"2024-08-16 11:19:10 INFO  UserController:46 - 로그인 호출됨: 로그인 정보: LoginDTO(email=test.doe@example.com, pw=password123)\r"},"@timestamp":"2024-08-16T06:36:51.359143018Z","log":{"file":{"path":"/mnt/shared/weblog.log"}},"@version":"1","host":{"name":"servername"}}
{"tags":["_grokparsefailure"],"event":{"original":"2024-08-16 11:19:10 INFO  UserController:53 - 사용자 로그인 성공: 사용자 ID: 1, 세션 ID: EE07B62281C291594F8B2177BD6240E4\r"},"@timestamp":"2024-08-16T06:36:51.359618993Z","log":{"file":{"path":"/mnt/shared/weblog.log"}},"@version":"1","host":{"name":"servername"}}
{"tags":["_grokparsefailure"],"event":{"original":"2024-08-16 11:47:49 INFO  UserController:53 - 사용자 로그인 성공: 사용자 ID: 1, 세션 ID: 2D20FA5EFEA304BC932DC1A17B10B0F8\r"},"@timestamp":"2024-08-16T06:36:51.363870860Z","log":{"file":{"path":"/mnt/shared/weblog.log"}},"@version":"1","host":{"name":"servername"}}
{"tags":["_grokparsefailure"],"event":{"original":"2024-08-16 11:48:03 INFO  UserController:46 - 로그인 호출됨: 로그인 정보: LoginDTO(email=test.doe@example.com, pw=password123)\r"},"@timestamp":"2024-08-16T06:36:51.364118969Z","log":{"file":{"path":"/mnt/shared/weblog.log"}},"@version":"1","host":{"name":"servername"}}
{"tags":["_grokparsefailure"],"event":{"original":"2024-08-16 11:48:03 INFO  UserController:53 - 사용자 로그인 성공: 사용자 ID: 1, 세션 ID: 2D20FA5EFEA304BC932DC1A17B10B0F8\r"},"@timestamp":"2024-08-16T06:36:51.364319843Z","log":{"file":{"path":"/mnt/shared/weblog.log"}},"@version":"1","host":{"name":"servername"}}
{"tags":["_grokparsefailure"],"event":{"original":"2024-08-16 11:49:51 INFO  UserController:46 - 로그인 호출됨: 로그인 정보: LoginDTO(email=test.doe@example.com)\r"},"@timestamp":"2024-08-16T06:36:51.364536635Z","log":{"file":{"path":"/mnt/shared/weblog.log"}},"@version":"1","host":{"name":"servername"}}
{"tags":["_grokparsefailure"],"event":{"original":"2024-08-16 11:49:51 INFO  UserController:53 - 사용자 로그인 성공: 사용자 ID: 1, 세션 ID: 2D20FA5EFEA304BC932DC1A17B10B0F8\r"},"@timestamp":"2024-08-16T06:36:51.364744417Z","log":{"file":{"path":"/mnt/shared/weblog.log"}},"@version":"1","host":{"name":"servername"}}
{"tags":["_grokparsefailure"],"event":{"original":"2024-08-16 11:53:38 INFO  ProductController:49 - 모든 물품 조회 호출됨\r"},"@timestamp":"2024-08-16T06:36:51.364914385Z","log":{"file":{"path":"/mnt/shared/weblog.log"}},"@version":"1","host":{"name":"servername"}}
{"tags":["_grokparsefailure"],"event":{"original":"2024-08-16 11:53:38 INFO  ProductController:51 - 모든 물품 조회 성공: 총 물품 수: 4\r"},"@timestamp":"2024-08-16T06:36:51.365149160Z","log":{"file":{"path":"/mnt/shared/weblog.log"}},"@version":"1","host":{"name":"servername"}}
{"tags":["_grokparsefailure"],"event":{"original":"2024-08-16 11:53:41 INFO  LendingRecordController:47 - 대여자 ID로 대여 기록 조회 호출됨: 대여자 ID: 1\r"},"@timestamp":"2024-08-16T06:36:51.365386361Z","log":{"file":{"path":"/mnt/shared/weblog.log"}},"@version":"1","host":{"name":"servername"}}
{"tags":["_grokparsefailure"],"event":{"original":"2024-08-16 11:53:41 INFO  LendingRecordController:49 - 대여자 ID로 대여 기록 조회 성공: 총 기록 수: 6\r"},"@timestamp":"2024-08-16T06:36:51.366044821Z","log":{"file":{"path":"/mnt/shared/weblog.log"}},"@version":"1","host":{"name":"servername"}}
{"tags":["_grokparsefailure"],"event":{"original":"2024-08-16 11:59:37 INFO  UserController:46 - 로그인 호출됨: 로그인 정보: LoginDTO(email=test.doe@example.com)\r"},"@timestamp":"2024-08-16T06:36:51.366390131Z","log":{"file":{"path":"/mnt/shared/weblog.log"}},"@version":"1","host":{"name":"servername"}}
{"tags":["_grokparsefailure"],"event":{"original":"2024-08-16 11:59:37 INFO  UserController:53 - 사용자 로그인 성공: 사용자 ID: 1, 세션 ID: 2D20FA5EFEA304BC932DC1A17B10B0F8\r"},"@timestamp":"2024-08-16T06:36:51.366682989Z","log":{"file":{"path":"/mnt/shared/weblog.log"}},"@version":"1","host":{"name":"servername"}}
{"tags":["_grokparsefailure"],"event":{"original":"2024-08-16 11:59:41 INFO  UserController:53 - 사용자 로그인 성공: 사용자 ID: 1, 세션 ID: 2D20FA5EFEA304BC932DC1A17B10B0F8\r"},"@timestamp":"2024-08-16T06:36:51.367703713Z","log":{"file":{"path":"/mnt/shared/weblog.log"}},"@version":"1","host":{"name":"servername"}}
{"tags":["_grokparsefailure"],"event":{"original":"2024-08-16 12:05:12 INFO  ProductController:49 - 모든 물품 조회 호출됨\r"},"@timestamp":"2024-08-16T06:36:51.368035165Z","log":{"file":{"path":"/mnt/shared/weblog.log"}},"@version":"1","host":{"name":"servername"}}
{"tags":["_grokparsefailure"],"event":{"original":"2024-08-16 12:05:12 INFO  ProductController:51 - 모든 물품 조회 성공: 총 물품 수: 4\r"},"@timestamp":"2024-08-16T06:36:51.368350842Z","log":{"file":{"path":"/mnt/shared/weblog.log"}},"@version":"1","host":{"name":"servername"}}
{"tags":["_grokparsefailure"],"event":{"original":"2024-08-16 14:03:07 INFO  ProductController:49 - 모든 물품 조회 호출됨\r"},"@timestamp":"2024-08-16T06:36:51.368640634Z","log":{"file":{"path":"/mnt/shared/weblog.log"}},"@version":"1","host":{"name":"servername"}}
{"tags":["_grokparsefailure"],"event":{"original":"2024-08-16 14:03:07 INFO  ProductController:51 - 모든 물품 조회 성공: 총 물품 수: 8\r"},"@timestamp":"2024-08-16T06:36:51.368966505Z","log":{"file":{"path":"/mnt/shared/weblog.log"}},"@version":"1","host":{"name":"servername"}}
{"tags":["_grokparsefailure"],"event":{"original":"2024-08-16 14:03:31 INFO  UserController:46 - 로그인 호출됨: 로그인 정보: LoginDTO(email=test.doe@example.com)\r"},"@timestamp":"2024-08-16T06:36:51.371101144Z","log":{"file":{"path":"/mnt/shared/weblog.log"}},"@version":"1","host":{"name":"servername"}}
{"tags":["_grokparsefailure"],"event":{"original":"2024-08-16 14:03:31 INFO  UserController:53 - 사용자 로그인 성공: 사용자 ID: 1, 세션 ID: 69C38A9C6E2808BD1C0653125D68D678\r"},"@timestamp":"2024-08-16T06:36:51.371948913Z","log":{"file":{"path":"/mnt/shared/weblog.log"}},"@version":"1","host":{"name":"servername"}}
{"tags":["_grokparsefailure"],"event":{"original":"2024-08-16 14:03:46 INFO  LendingRecordController:57 - 소유자 ID로 대여 기록 조회 호출됨: 소유자 ID: 1\r"},"@timestamp":"2024-08-16T06:36:51.377630722Z","log":{"file":{"path":"/mnt/shared/weblog.log"}},"@version":"1","host":{"name":"servername"}}
{"tags":["_grokparsefailure"],"event":{"original":"2024-08-16 14:29:57 INFO  LendingRecordController:59 - 소유자 ID로 대여 기록 조회 성공: 총 기록 수: 2\r"},"@timestamp":"2024-08-16T06:36:51.391959613Z","log":{"file":{"path":"/mnt/shared/weblog.log"}},"@version":"1","host":{"name":"servername"}}
{"tags":["_grokparsefailure"],"event":{"original":"2024-08-16 11:23:10 INFO  UserController:64 - 로그아웃 호출됨: 사용자 ID: 1, 세션 ID: EE07B62281C291594F8B2177BD6240E4\r"},"@timestamp":"2024-08-16T06:36:51.360266850Z","log":{"file":{"path":"/mnt/shared/weblog.log"}},"@version":"1","host":{"name":"servername"}}
{"tags":["_grokparsefailure"],"event":{"original":"2024-08-16 11:47:46 INFO  UserController:53 - 사용자 로그인 성공: 사용자 ID: 1, 세션 ID: 2D20FA5EFEA304BC932DC1A17B10B0F8\r"},"@timestamp":"2024-08-16T06:36:51.362734228Z","log":{"file":{"path":"/mnt/shared/weblog.log"}},"@version":"1","host":{"name":"servername"}}
{"tags":["_grokparsefailure"],"event":{"original":"2024-08-16 14:03:46 INFO  LendingRecordController:59 - 소유자 ID로 대여 기록 조회 성공: 총 기록 수: 2\r"},"@timestamp":"2024-08-16T06:36:51.378286890Z","log":{"file":{"path":"/mnt/shared/weblog.log"}},"@version":"1","host":{"name":"servername"}}
{"tags":["_grokparsefailure"],"event":{"original":"2024-08-16 14:05:04 INFO  ProductController:49 - 모든 물품 조회 호출됨\r"},"@timestamp":"2024-08-16T06:36:51.380096543Z","log":{"file":{"path":"/mnt/shared/weblog.log"}},"@version":"1","host":{"name":"servername"}}
{"tags":["_grokparsefailure"],"event":{"original":"2024-08-16 14:05:04 INFO  ProductController:51 - 모든 물품 조회 성공: 총 물품 수: 11\r"},"@timestamp":"2024-08-16T06:36:51.380700905Z","log":{"file":{"path":"/mnt/shared/weblog.log"}},"@version":"1","host":{"name":"servername"}}
{"tags":["_grokparsefailure"],"event":{"original":"2024-08-16 14:29:28 INFO  ProductController:49 - 모든 물품 조회 호출됨\r"},"@timestamp":"2024-08-16T06:36:51.381148692Z","log":{"file":{"path":"/mnt/shared/weblog.log"}},"@version":"1","host":{"name":"servername"}}
{"tags":["_grokparsefailure"],"event":{"original":"2024-08-16 14:29:28 INFO  ProductController:51 - 모든 물품 조회 성공: 총 물품 수: 8\r"},"@timestamp":"2024-08-16T06:36:51.381484460Z","log":{"file":{"path":"/mnt/shared/weblog.log"}},"@version":"1","host":{"name":"servername"}}
{"tags":["_grokparsefailure"],"event":{"original":"2024-08-16 14:30:02 INFO  LendingRecordController:57 - 소유자 ID로 대여 기록 조회 호출됨: 소유자 ID: 1\r"},"@timestamp":"2024-08-16T06:36:51.395880982Z","log":{"file":{"path":"/mnt/shared/weblog.log"}},"@version":"1","host":{"name":"servername"}}
{"tags":["_grokparsefailure"],"event":{"original":"2024-08-16 11:23:10 INFO  UserController:66 - 사용자 로그아웃 성공.\r"},"@timestamp":"2024-08-16T06:36:51.360734485Z","log":{"file":{"path":"/mnt/shared/weblog.log"}},"@version":"1","host":{"name":"servername"}}
{"tags":["_grokparsefailure"],"event":{"original":"2024-08-16 11:47:26 INFO  UserController:46 - 로그인 호출됨: 로그인 정보: LoginDTO(email=test.doe@example.com, pw=password123)\r"},"@timestamp":"2024-08-16T06:36:51.361274620Z","log":{"file":{"path":"/mnt/shared/weblog.log"}},"@version":"1","host":{"name":"servername"}}
{"tags":["_grokparsefailure"],"event":{"original":"2024-08-16 11:47:26 INFO  UserController:53 - 사용자 로그인 성공: 사용자 ID: 1, 세션 ID: 2D20FA5EFEA304BC932DC1A17B10B0F8\r"},"@timestamp":"2024-08-16T06:36:51.361685543Z","log":{"file":{"path":"/mnt/shared/weblog.log"}},"@version":"1","host":{"name":"servername"}}
{"tags":["_grokparsefailure"],"event":{"original":"2024-08-16 11:47:46 INFO  UserController:46 - 로그인 호출됨: 로그인 정보: LoginDTO(email=test.doe@example.com, pw=password123)\r"},"@timestamp":"2024-08-16T06:36:51.362014751Z","log":{"file":{"path":"/mnt/shared/weblog.log"}},"@version":"1","host":{"name":"servername"}}
{"tags":["_grokparsefailure"],"event":{"original":"2024-08-16 14:03:43 INFO  ProductController:49 - 모든 물품 조회 호출됨\r"},"@timestamp":"2024-08-16T06:36:51.374022128Z","log":{"file":{"path":"/mnt/shared/weblog.log"}},"@version":"1","host":{"name":"servername"}}
{"tags":["_grokparsefailure"],"event":{"original":"2024-08-16 14:03:50 INFO  LendingRecordController:47 - 대여자 ID로 대여 기록 조회 호출됨: 대여자 ID: 1\r"},"@timestamp":"2024-08-16T06:36:51.378745776Z","log":{"file":{"path":"/mnt/shared/weblog.log"}},"@version":"1","host":{"name":"servername"}}
{"tags":["_grokparsefailure"],"event":{"original":"2024-08-16 14:03:50 INFO  LendingRecordController:49 - 대여자 ID로 대여 기록 조회 성공: 총 기록 수: 6\r"},"@timestamp":"2024-08-16T06:36:51.379050772Z","log":{"file":{"path":"/mnt/shared/weblog.log"}},"@version":"1","host":{"name":"servername"}}
{"tags":["_grokparsefailure"],"event":{"original":"2024-08-16 14:04:06 INFO  ProductController:40 - 물품 등록 호출됨: 물품 정보: ProductDTO.CreateProduct(description=돈까스, product_name=null, price=100000, category=BOOKS)\r"},"@timestamp":"2024-08-16T06:36:51.379316332Z","log":{"file":{"path":"/mnt/shared/weblog.log"}},"@version":"1","host":{"name":"servername"}}
{"tags":["_grokparsefailure"],"event":{"original":"2024-08-16 14:04:07 INFO  ProductController:42 - 물품 등록 성공: 물품 ID: 1\r"},"@timestamp":"2024-08-16T06:36:51.379544002Z","log":{"file":{"path":"/mnt/shared/weblog.log"}},"@version":"1","host":{"name":"servername"}}
{"tags":["_grokparsefailure"],"event":{"original":"2024-08-16 14:29:32 INFO  LendingRecordController:47 - 대여자 ID로 대여 기록 조회 호출됨: 대여자 ID: 1\r"},"@timestamp":"2024-08-16T06:36:51.381991739Z","log":{"file":{"path":"/mnt/shared/weblog.log"}},"@version":"1","host":{"name":"servername"}}
{"tags":["_grokparsefailure"],"event":{"original":"2024-08-16 14:29:32 INFO  LendingRecordController:49 - 대여자 ID로 대여 기록 조회 성공: 총 기록 수: 6\r"},"@timestamp":"2024-08-16T06:36:51.382319248Z","log":{"file":{"path":"/mnt/shared/weblog.log"}},"@version":"1","host":{"name":"servername"}}
{"tags":["_grokparsefailure"],"event":{"original":"2024-08-16 14:29:41 INFO  ProductController:49 - 모든 물품 조회 호출됨\r"},"@timestamp":"2024-08-16T06:36:51.382506910Z","log":{"file":{"path":"/mnt/shared/weblog.log"}},"@version":"1","host":{"name":"servername"}}
{"tags":["_grokparsefailure"],"event":{"original":"2024-08-16 14:29:41 INFO  ProductController:51 - 모든 물품 조회 성공: 총 물품 수: 8\r"},"@timestamp":"2024-08-16T06:36:51.382702941Z","log":{"file":{"path":"/mnt/shared/weblog.log"}},"@version":"1","host":{"name":"servername"}}
{"tags":["_grokparsefailure"],"event":{"original":"2024-08-16 14:29:48 INFO  LendingRecordController:57 - 소유자 ID로 대여 기록 조회 호출됨: 소유자 ID: 1\r"},"@timestamp":"2024-08-16T06:36:51.382904451Z","log":{"file":{"path":"/mnt/shared/weblog.log"}},"@version":"1","host":{"name":"servername"}}
{"tags":["_grokparsefailure"],"event":{"original":"2024-08-16 14:29:48 INFO  LendingRecordController:59 - 소유자 ID로 대여 기록 조회 성공: 총 기록 수: 2\r"},"@timestamp":"2024-08-16T06:36:51.385084723Z","log":{"file":{"path":"/mnt/shared/weblog.log"}},"@version":"1","host":{"name":"servername"}}
{"tags":["_grokparsefailure"],"event":{"original":"2024-08-16 14:30:02 INFO  LendingRecordController:59 - 소유자 ID로 대여 기록 조회 성공: 총 기록 수: 2\r"},"@timestamp":"2024-08-16T06:36:51.407937498Z","log":{"file":{"path":"/mnt/shared/weblog.log"}},"@version":"1","host":{"name":"servername"}}
{"tags":["_grokparsefailure"],"event":{"original":"2024-08-16 14:30:04 INFO  LendingRecordController:59 - 소유자 ID로 대여 기록 조회 성공: 총 기록 수: 2\r"},"@timestamp":"2024-08-16T06:36:51.451261943Z","log":{"file":{"path":"/mnt/shared/weblog.log"}},"@version":"1","host":{"name":"servername"}}
{"tags":["_grokparsefailure"],"event":{"original":"2024-08-16 14:42:18 INFO  ProductController:49 - 모든 물품 조회 호출됨\r"},"@timestamp":"2024-08-16T06:36:51.603017220Z","log":{"file":{"path":"/mnt/shared/weblog.log"}},"@version":"1","host":{"name":"servername"}}
{"tags":["_grokparsefailure"],"event":{"original":"2024-08-16 14:42:18 INFO  ProductController:51 - 모든 물품 조회 성공: 총 물품 수: 8\r"},"@timestamp":"2024-08-16T06:36:51.607351488Z","log":{"file":{"path":"/mnt/shared/weblog.log"}},"@version":"1","host":{"name":"servername"}}
{"tags":["_grokparsefailure"],"event":{"original":"2024-08-16 14:42:20 INFO  LendingRecordController:57 - 소유자 ID로 대여 기록 조회 호출됨: 소유자 ID: 1\r"},"@timestamp":"2024-08-16T06:36:51.612290499Z","log":{"file":{"path":"/mnt/shared/weblog.log"}},"@version":"1","host":{"name":"servername"}}
{"tags":["_grokparsefailure"],"event":{"original":"2024-08-16 14:42:20 INFO  LendingRecordController:59 - 소유자 ID로 대여 기록 조회 성공: 총 기록 수: 2\r"},"@timestamp":"2024-08-16T06:36:51.614184113Z","log":{"file":{"path":"/mnt/shared/weblog.log"}},"@version":"1","host":{"name":"servername"}}
{"tags":["_grokparsefailure"],"event":{"original":"2024-08-16 14:46:16 INFO  LendingRecordController:57 - 소유자 ID로 대여 기록 조회 호출됨: 소유자 ID: 1\r"},"@timestamp":"2024-08-16T06:36:51.614793145Z","log":{"file":{"path":"/mnt/shared/weblog.log"}},"@version":"1","host":{"name":"servername"}}
{"tags":["_grokparsefailure"],"event":{"original":"2024-08-16 14:46:16 INFO  LendingRecordController:59 - 소유자 ID로 대여 기록 조회 성공: 총 기록 수: 2\r"},"@timestamp":"2024-08-16T06:36:51.615198464Z","log":{"file":{"path":"/mnt/shared/weblog.log"}},"@version":"1","host":{"name":"servername"}}
{"tags":["_grokparsefailure"],"event":{"original":"2024-08-16 14:46:16 INFO  LendingRecordController:57 - 소유자 ID로 대여 기록 조회 호출됨: 소유자 ID: 1\r"},"@timestamp":"2024-08-16T06:36:51.615542703Z","log":{"file":{"path":"/mnt/shared/weblog.log"}},"@version":"1","host":{"name":"servername"}}
{"tags":["_grokparsefailure"],"event":{"original":"2024-08-16 14:46:16 INFO  LendingRecordController:59 - 소유자 ID로 대여 기록 조회 성공: 총 기록 수: 2\r"},"@timestamp":"2024-08-16T06:36:51.615864943Z","log":{"file":{"path":"/mnt/shared/weblog.log"}},"@version":"1","host":{"name":"servername"}}
{"tags":["_grokparsefailure"],"event":{"original":"2024-08-16 14:46:16 INFO  LendingRecordController:57 - 소유자 ID로 대여 기록 조회 호출됨: 소유자 ID: 1\r"},"@timestamp":"2024-08-16T06:36:51.616361699Z","log":{"file":{"path":"/mnt/shared/weblog.log"}},"@version":"1","host":{"name":"servername"}}
{"tags":["_grokparsefailure"],"event":{"original":"2024-08-16 14:46:16 INFO  LendingRecordController:59 - 소유자 ID로 대여 기록 조회 성공: 총 기록 수: 2\r"},"@timestamp":"2024-08-16T06:36:51.618371894Z","log":{"file":{"path":"/mnt/shared/weblog.log"}},"@version":"1","host":{"name":"servername"}}
{"tags":["_grokparsefailure"],"event":{"original":"2024-08-16 14:46:16 INFO  LendingRecordController:57 - 소유자 ID로 대여 기록 조회 호출됨: 소유자 ID: 1\r"},"@timestamp":"2024-08-16T06:36:51.619621125Z","log":{"file":{"path":"/mnt/shared/weblog.log"}},"@version":"1","host":{"name":"servername"}}
{"tags":["_grokparsefailure"],"event":{"original":"2024-08-16 14:46:16 INFO  LendingRecordController:59 - 소유자 ID로 대여 기록 조회 성공: 총 기록 수: 2\r"},"@timestamp":"2024-08-16T06:36:51.620586644Z","log":{"file":{"path":"/mnt/shared/weblog.log"}},"@version":"1","host":{"name":"servername"}}
{"tags":["_grokparsefailure"],"event":{"original":"2024-08-16 15:13:15 INFO  ProductController:49 - 모든 물품 조회 호출됨\r"},"@timestamp":"2024-08-16T06:36:51.621549270Z","log":{"file":{"path":"/mnt/shared/weblog.log"}},"@version":"1","host":{"name":"servername"}}
{"tags":["_grokparsefailure"],"event":{"original":"2024-08-16 15:13:16 INFO  ProductController:51 - 모든 물품 조회 성공: 총 물품 수: 8\r"},"@timestamp":"2024-08-16T06:36:51.622081539Z","log":{"file":{"path":"/mnt/shared/weblog.log"}},"@version":"1","host":{"name":"servername"}}
{"tags":["_grokparsefailure"],"event":{"original":"2024-08-16 15:13:48 INFO  UserController:46 - 로그인 호출됨: 로그인 정보: LoginDTO(email=test.doe@example.com)\r"},"@timestamp":"2024-08-16T06:36:51.622431799Z","log":{"file":{"path":"/mnt/shared/weblog.log"}},"@version":"1","host":{"name":"servername"}}
{"tags":["_grokparsefailure"],"event":{"original":"2024-08-16 15:13:48 INFO  UserController:53 - 사용자 로그인 성공: 사용자 ID: 1, 세션 ID: 52BC83B3D2A59CA4D49E4192F556FC65\r"},"@timestamp":"2024-08-16T06:36:51.622822404Z","log":{"file":{"path":"/mnt/shared/weblog.log"}},"@version":"1","host":{"name":"servername"}}
{"tags":["_grokparsefailure"],"event":{"original":"2024-08-16 15:13:51 INFO  ProductController:49 - 모든 물품 조회 호출됨\r"},"@timestamp":"2024-08-16T06:36:51.623969840Z","log":{"file":{"path":"/mnt/shared/weblog.log"}},"@version":"1","host":{"name":"servername"}}
{"tags":["_grokparsefailure"],"event":{"original":"2024-08-16 15:13:51 INFO  ProductController:51 - 모든 물품 조회 성공: 총 물품 수: 8\r"},"@timestamp":"2024-08-16T06:36:51.626912469Z","log":{"file":{"path":"/mnt/shared/weblog.log"}},"@version":"1","host":{"name":"servername"}}
{"tags":["_grokparsefailure"],"event":{"original":"2024-08-16 15:14:01 INFO  ProductController:40 - 물품 등록 호출됨: 물품 정보: ProductDTO.CreateProduct(description=치킨, product_name=장비, price=100000, category=BOOKS)\r"},"@timestamp":"2024-08-16T06:36:51.629359350Z","log":{"file":{"path":"/mnt/shared/weblog.log"}},"@version":"1","host":{"name":"servername"}}
{"tags":["_grokparsefailure"],"event":{"original":"2024-08-16 15:14:01 INFO  ProductController:42 - 물품 등록 성공: 물품 ID: 1\r"},"@timestamp":"2024-08-16T06:36:51.631228785Z","log":{"file":{"path":"/mnt/shared/weblog.log"}},"@version":"1","host":{"name":"servername"}}
{"tags":["_grokparsefailure"],"event":{"original":"2024-08-16 15:14:02 INFO  ProductController:49 - 모든 물품 조회 호출됨\r"},"@timestamp":"2024-08-16T06:36:51.632215305Z","log":{"file":{"path":"/mnt/shared/weblog.log"}},"@version":"1","host":{"name":"servername"}}
{"tags":["_grokparsefailure"],"event":{"original":"2024-08-16 15:14:02 INFO  ProductController:51 - 모든 물품 조회 성공: 총 물품 수: 9\r"},"@timestamp":"2024-08-16T06:36:51.632841603Z","log":{"file":{"path":"/mnt/shared/weblog.log"}},"@version":"1","host":{"name":"servername"}}
{"tags":["_grokparsefailure"],"event":{"original":"2024-08-16 15:15:02 INFO  LendingRecordController:57 - 소유자 ID로 대여 기록 조회 호출됨: 소유자 ID: 1\r"},"@timestamp":"2024-08-16T06:36:51.633406262Z","log":{"file":{"path":"/mnt/shared/weblog.log"}},"@version":"1","host":{"name":"servername"}}
{"tags":["_grokparsefailure"],"event":{"original":"2024-08-16 15:15:02 INFO  LendingRecordController:59 - 소유자 ID로 대여 기록 조회 성공: 총 기록 수: 2\r"},"@timestamp":"2024-08-16T06:36:51.634444884Z","log":{"file":{"path":"/mnt/shared/weblog.log"}},"@version":"1","host":{"name":"servername"}}
{"tags":["_grokparsefailure"],"event":{"original":"2024-08-16 15:15:23 INFO  LendingRecordController:57 - 소유자 ID로 대여 기록 조회 호출됨: 소유자 ID: 1\r"},"@timestamp":"2024-08-16T06:36:51.637274733Z","log":{"file":{"path":"/mnt/shared/weblog.log"}},"@version":"1","host":{"name":"servername"}}
{"tags":["_grokparsefailure"],"event":{"original":"2024-08-16 15:15:23 INFO  LendingRecordController:59 - 소유자 ID로 대여 기록 조회 성공: 총 기록 수: 2\r"},"@timestamp":"2024-08-16T06:36:51.638372939Z","log":{"file":{"path":"/mnt/shared/weblog.log"}},"@version":"1","host":{"name":"servername"}}
{"tags":["_grokparsefailure"],"event":{"original":"2024-08-16 15:15:24 INFO  LendingRecordController:57 - 소유자 ID로 대여 기록 조회 호출됨: 소유자 ID: 1\r"},"@timestamp":"2024-08-16T06:36:51.638874078Z","log":{"file":{"path":"/mnt/shared/weblog.log"}},"@version":"1","host":{"name":"servername"}}
{"tags":["_grokparsefailure"],"event":{"original":"2024-08-16 15:15:24 INFO  LendingRecordController:59 - 소유자 ID로 대여 기록 조회 성공: 총 기록 수: 2\r"},"@timestamp":"2024-08-16T06:36:51.639263775Z","log":{"file":{"path":"/mnt/shared/weblog.log"}},"@version":"1","host":{"name":"servername"}}
{"tags":["_grokparsefailure"],"event":{"original":"2024-08-16 15:15:25 INFO  ProductController:49 - 모든 물품 조회 호출됨\r"},"@timestamp":"2024-08-16T06:36:51.639724951Z","log":{"file":{"path":"/mnt/shared/weblog.log"}},"@version":"1","host":{"name":"servername"}}
{"tags":["_grokparsefailure"],"event":{"original":"2024-08-16 15:15:25 INFO  ProductController:51 - 모든 물품 조회 성공: 총 물품 수: 9\r"},"@timestamp":"2024-08-16T06:36:51.640076646Z","log":{"file":{"path":"/mnt/shared/weblog.log"}},"@version":"1","host":{"name":"servername"}}
{"tags":["_grokparsefailure"],"event":{"original":"2024-08-16 15:15:28 INFO  LendingRecordController:47 - 대여자 ID로 대여 기록 조회 호출됨: 대여자 ID: 1\r"},"@timestamp":"2024-08-16T06:36:51.640345871Z","log":{"file":{"path":"/mnt/shared/weblog.log"}},"@version":"1","host":{"name":"servername"}}
{"tags":["_grokparsefailure"],"event":{"original":"2024-08-16 15:15:29 INFO  LendingRecordController:49 - 대여자 ID로 대여 기록 조회 성공: 총 기록 수: 6\r"},"@timestamp":"2024-08-16T06:36:51.640586890Z","log":{"file":{"path":"/mnt/shared/weblog.log"}},"@version":"1","host":{"name":"servername"}}
{"tags":["_grokparsefailure"],"event":{"original":"2024-08-16 15:15:32 INFO  LendingRecordController:57 - 소유자 ID로 대여 기록 조회 호출됨: 소유자 ID: 1\r"},"@timestamp":"2024-08-16T06:36:51.640817922Z","log":{"file":{"path":"/mnt/shared/weblog.log"}},"@version":"1","host":{"name":"servername"}}
{"tags":["_grokparsefailure"],"event":{"original":"2024-08-16 15:15:32 INFO  LendingRecordController:59 - 소유자 ID로 대여 기록 조회 성공: 총 기록 수: 2\r"},"@timestamp":"2024-08-16T06:36:51.641064232Z","log":{"file":{"path":"/mnt/shared/weblog.log"}},"@version":"1","host":{"name":"servername"}}
{"tags":["_grokparsefailure"],"event":{"original":"2024-08-16 15:16:09 INFO  LendingRecordController:57 - 소유자 ID로 대여 기록 조회 호출됨: 소유자 ID: 1\r"},"@timestamp":"2024-08-16T06:36:51.641401545Z","log":{"file":{"path":"/mnt/shared/weblog.log"}},"@version":"1","host":{"name":"servername"}}
{"tags":["_grokparsefailure"],"event":{"original":"2024-08-16 15:16:09 INFO  LendingRecordController:59 - 소유자 ID로 대여 기록 조회 성공: 총 기록 수: 2\r"},"@timestamp":"2024-08-16T06:36:51.641622305Z","log":{"file":{"path":"/mnt/shared/weblog.log"}},"@version":"1","host":{"name":"servername"}}
{"tags":["_grokparsefailure"],"event":{"original":"2024-08-16 15:37:53 INFO  LendingRecordController:59 - 소유자 ID로 대여 기록 조회 성공: 총 기록 수: 2\r"},"@timestamp":"2024-08-16T06:37:51.905545295Z","log":{"file":{"path":"/mnt/shared/weblog.log"}},"@version":"1","host":{"name":"servername"}}
{"tags":["_grokparsefailure"],"event":{"original":"2024-08-16 15:37:53 INFO  LendingRecordController:57 - 소유자 ID로 대여 기록 조회 호출됨: 소유자 ID: 1\r"},"@timestamp":"2024-08-16T06:37:51.902530764Z","log":{"file":{"path":"/mnt/shared/weblog.log"}},"@version":"1","host":{"name":"servername"}}
